2023-11-28 06:19:20.804 [info] Log level: Info
2023-11-28 06:19:20.804 [info] Validating found git in: "git"
2023-11-28 06:19:20.804 [info] Using git "2.34.1" from "git"
2023-11-28 06:19:20.804 [info] > git rev-parse --show-toplevel [8ms]
2023-11-28 06:19:20.804 [info] > git rev-parse --git-dir --git-common-dir [60ms]
2023-11-28 06:19:20.804 [info] Open repository: /home/bakar/geonode-project
2023-11-28 06:19:20.805 [info] > git rev-parse --show-toplevel [5ms]
2023-11-28 06:19:20.806 [info] > git config --get commit.template [10ms]
2023-11-28 06:19:20.823 [info] > git rev-parse --show-toplevel [13ms]
2023-11-28 06:19:20.826 [info] > git for-each-ref --format=%(refname)%00%(upstream:short)%00%(objectname)%00%(upstream:track)%00%(upstream:remotename)%00%(upstream:remoteref) refs/heads/4.1.x refs/remotes/4.1.x [4ms]
2023-11-28 06:19:20.843 [info] > git rev-parse --show-toplevel [5ms]
2023-11-28 06:19:20.848 [info] > git status -z -uall [17ms]
2023-11-28 06:19:20.866 [info] > git config --get commit.template [2ms]
2023-11-28 06:19:20.873 [info] > git for-each-ref --format=%(refname)%00%(upstream:short)%00%(objectname)%00%(upstream:track)%00%(upstream:remotename)%00%(upstream:remoteref) refs/heads/4.1.x refs/remotes/4.1.x [2ms]
2023-11-28 06:19:20.892 [info] > git status -z -uall [13ms]
2023-11-28 06:19:21.567 [info] > git check-ignore -v -z --stdin [1ms]
2023-11-28 06:19:23.462 [info] > git check-ignore -v -z --stdin [1ms]
2023-11-28 06:19:26.640 [info] > git check-ignore -v -z --stdin [1ms]
2023-11-28 06:20:33.525 [info] > git check-ignore -v -z --stdin [1ms]
2023-11-28 06:20:39.027 [info] > git check-ignore -v -z --stdin [1ms]
2023-11-28 06:20:41.365 [info] > git check-ignore -v -z --stdin [1ms]
2023-11-28 06:20:57.297 [info] > git check-ignore -v -z --stdin [1ms]
2023-11-28 06:20:58.995 [info] > git check-ignore -v -z --stdin [1ms]
2023-11-28 06:21:00.243 [info] > git check-ignore -v -z --stdin [1ms]
2023-11-28 06:21:02.182 [info] > git check-ignore -v -z --stdin [1ms]
2023-11-28 06:21:03.543 [info] > git check-ignore -v -z --stdin [1ms]
2023-11-28 06:21:05.240 [info] > git check-ignore -v -z --stdin [1ms]
2023-11-28 06:21:06.061 [info] > git check-ignore -v -z --stdin [0ms]
2023-11-28 06:21:07.097 [info] > git check-ignore -v -z --stdin [1ms]
