2023-11-28 06:17:31.982 [info] Log level: Info
2023-11-28 06:17:31.982 [info] Validating found git in: "git"
2023-11-28 06:17:31.982 [info] Using git "2.34.1" from "git"
2023-11-28 06:17:31.982 [info] > git rev-parse --show-toplevel [5ms]
2023-11-28 06:17:31.982 [info] fatal: not a git repository (or any of the parent directories): .git
2023-11-28 06:17:31.982 [info] > git rev-parse --show-toplevel [68ms]
2023-11-28 06:17:31.982 [info] fatal: not a git repository (or any of the parent directories): .git
2023-11-28 06:17:31.991 [info] > git rev-parse --show-toplevel [1ms]
2023-11-28 06:17:31.991 [info] fatal: not a git repository (or any of the parent directories): .git
2023-11-28 06:17:31.998 [info] > git rev-parse --show-toplevel [2ms]
2023-11-28 06:17:31.998 [info] fatal: not a git repository (or any of the parent directories): .git
2023-11-28 06:17:32.011 [info] > git rev-parse --show-toplevel [7ms]
2023-11-28 06:17:32.011 [info] fatal: not a git repository (or any of the parent directories): .git
2023-11-28 06:17:32.022 [info] > git rev-parse --show-toplevel [2ms]
2023-11-28 06:17:32.022 [info] fatal: not a git repository (or any of the parent directories): .git
2023-11-28 06:17:32.036 [info] > git rev-parse --show-toplevel [8ms]
2023-11-28 06:17:32.036 [info] fatal: not a git repository (or any of the parent directories): .git
2023-11-28 06:17:32.061 [info] > git rev-parse --show-toplevel [3ms]
2023-11-28 06:17:32.071 [info] > git rev-parse --git-dir --git-common-dir [1ms]
2023-11-28 06:17:32.102 [info] Open repository: /home/bakar/geonode-project
2023-11-28 06:17:32.132 [info] > git config --get commit.template [9ms]
2023-11-28 06:17:32.133 [info] > git rev-parse --show-toplevel [3ms]
2023-11-28 06:17:32.133 [info] fatal: not a git repository (or any of the parent directories): .git
2023-11-28 06:17:32.160 [info] > git for-each-ref --format=%(refname)%00%(upstream:short)%00%(objectname)%00%(upstream:track)%00%(upstream:remotename)%00%(upstream:remoteref) refs/heads/4.1.x refs/remotes/4.1.x [9ms]
2023-11-28 06:17:32.243 [info] > git status -z -uall [76ms]
2023-11-28 06:17:32.269 [info] > git config --get commit.template [8ms]
2023-11-28 06:17:32.270 [info] > git for-each-ref --format=%(refname)%00%(upstream:short)%00%(objectname)%00%(upstream:track)%00%(upstream:remotename)%00%(upstream:remoteref) refs/heads/4.1.x refs/remotes/4.1.x [3ms]
2023-11-28 06:17:32.299 [info] > git status -z -uall [18ms]
2023-11-28 06:17:32.772 [info] > git rev-parse --show-toplevel [1ms]
2023-11-28 06:17:32.772 [info] fatal: not a git repository (or any of the parent directories): .git
2023-11-28 06:17:33.115 [info] > git check-ignore -v -z --stdin [2ms]
